Assembler report for DC_final
<<<<<<< HEAD
Thu Dec 06 13:49:10 2018
=======
Mon Dec 10 11:31:20 2018
>>>>>>> leafeon
Quartus Prime Version 17.1.0 Build 590 10/25/2017 SJ Lite Edition


---------------------
; Table of Contents ;
---------------------
  1. Legal Notice
  2. Assembler Summary
  3. Assembler Settings
  4. Assembler Generated Files
<<<<<<< HEAD
  5. Assembler Device Options: E:/14A/digital circuit/final/DC_final.sof
=======
  5. Assembler Device Options: E:/14A/digital circuit/DC_final/12.9/DC_final.sof
>>>>>>> leafeon
  6. Assembler Messages



----------------
; Legal Notice ;
----------------
Copyright (C) 2017  Intel Corporation. All rights reserved.
Your use of Intel Corporation's design tools, logic functions 
and other software and tools, and its AMPP partner logic 
functions, and any output files from any of the foregoing 
(including device programming or simulation files), and any 
associated documentation or information are expressly subject 
to the terms and conditions of the Intel Program License 
Subscription Agreement, the Intel Quartus Prime License Agreement,
the Intel FPGA IP License Agreement, or other applicable license
agreement, including, without limitation, that your use is for
the sole purpose of programming logic devices manufactured by
Intel and sold by Intel or its authorized distributors.  Please
refer to the applicable agreement for further details.



+---------------------------------------------------------------+
; Assembler Summary                                             ;
+-----------------------+---------------------------------------+
<<<<<<< HEAD
; Assembler Status      ; Successful - Thu Dec 06 13:49:10 2018 ;
=======
; Assembler Status      ; Successful - Mon Dec 10 11:31:20 2018 ;
>>>>>>> leafeon
; Revision Name         ; DC_final                              ;
; Top-level Entity Name ; DC_final                              ;
; Family                ; Cyclone V                             ;
; Device                ; 5CSXFC6D6F31C6                        ;
+-----------------------+---------------------------------------+


+----------------------------------+
; Assembler Settings               ;
+--------+---------+---------------+
; Option ; Setting ; Default Value ;
+--------+---------+---------------+


<<<<<<< HEAD
+-------------------------------------------+
; Assembler Generated Files                 ;
+-------------------------------------------+
; File Name                                 ;
+-------------------------------------------+
; E:/14A/digital circuit/final/DC_final.sof ;
+-------------------------------------------+


+---------------------------------------------------------------------+
; Assembler Device Options: E:/14A/digital circuit/final/DC_final.sof ;
+----------------+----------------------------------------------------+
; Option         ; Setting                                            ;
+----------------+----------------------------------------------------+
; JTAG usercode  ; 0x0123C1F4                                         ;
; Checksum       ; 0x0123C1F4                                         ;
+----------------+----------------------------------------------------+
=======
+---------------------------------------------------+
; Assembler Generated Files                         ;
+---------------------------------------------------+
; File Name                                         ;
+---------------------------------------------------+
; E:/14A/digital circuit/DC_final/12.9/DC_final.sof ;
+---------------------------------------------------+


+-----------------------------------------------------------------------------+
; Assembler Device Options: E:/14A/digital circuit/DC_final/12.9/DC_final.sof ;
+----------------+------------------------------------------------------------+
; Option         ; Setting                                                    ;
+----------------+------------------------------------------------------------+
; JTAG usercode  ; 0x0165B59F                                                 ;
; Checksum       ; 0x0165B59F                                                 ;
+----------------+------------------------------------------------------------+
>>>>>>> leafeon


+--------------------+
; Assembler Messages ;
+--------------------+
Info: *******************************************************************
Info: Running Quartus Prime Assembler
    Info: Version 17.1.0 Build 590 10/25/2017 SJ Lite Edition
<<<<<<< HEAD
    Info: Processing started: Thu Dec 06 13:48:58 2018
=======
    Info: Processing started: Mon Dec 10 11:30:56 2018
>>>>>>> leafeon
Info: Command: quartus_asm --read_settings_files=off --write_settings_files=off DC_final -c DC_final
Warning (18236): Number of processors has not been specified which may cause overloading on shared machines.  Set the global assignment NUM_PARALLEL_PROCESSORS in your QSF to an appropriate value for best performance.
Info (115030): Assembler is generating device programming files
Info: Quartus Prime Assembler was successful. 0 errors, 1 warning
<<<<<<< HEAD
    Info: Peak virtual memory: 4870 megabytes
    Info: Processing ended: Thu Dec 06 13:49:10 2018
    Info: Elapsed time: 00:00:12
    Info: Total CPU time (on all processors): 00:00:12
=======
    Info: Peak virtual memory: 4890 megabytes
    Info: Processing ended: Mon Dec 10 11:31:20 2018
    Info: Elapsed time: 00:00:24
    Info: Total CPU time (on all processors): 00:00:24
>>>>>>> leafeon


